<?xml version="1.0" encoding="UTF-8"?>
<!-- Generated by org.testng.reporters.JUnitReportReporter -->
<testsuite skipped="0" hostname="SEZ10AUTODATA" name="com.unityworks.testcases.Refactor" tests="1" failures="0" timestamp="19 Apr 2018 13:13:43 GMT" time="20.283" errors="0">
  <testcase name="ValidateCampaign" time="20.283" classname="com.unityworks.testcases.Refactor"/>
</testsuite> <!-- com.unityworks.testcases.Refactor -->
