<?xml version="1.0" encoding="UTF-8"?>
<!-- Generated by org.testng.reporters.JUnitReportReporter -->
<testsuite hostname="SEZ-10" name="com.unityworks.testcases.ReportTest" tests="1" failures="0" timestamp="4 Apr 2018 12:56:15 GMT" time="100.325" errors="0">
  <testcase name="epsilon_BMWAirBagRecall" time="100.325" classname="com.unityworks.testcases.ReportTest"/>
</testsuite> <!-- com.unityworks.testcases.ReportTest -->
