<?xml version="1.0" encoding="UTF-8"?>
<!-- Generated by org.testng.reporters.JUnitReportReporter -->
<testsuite skipped="16" hostname="SEZ-10" name="com.unityworks.testcases.AffinitiveTest" tests="17" failures="0" timestamp="12 Apr 2018 05:52:45 GMT" time="55.496" errors="0">
  <testcase name="unityworksReportTest" time="0.000" classname="com.unityworks.testcases.AffinitiveTest">
    <skipped/>
  </testcase> <!-- unityworksReportTest -->
  <testcase name="unityworksReportTest" time="0.000" classname="com.unityworks.testcases.AffinitiveTest">
    <skipped/>
  </testcase> <!-- unityworksReportTest -->
  <testcase name="unityworksReportTest" time="0.000" classname="com.unityworks.testcases.AffinitiveTest">
    <skipped/>
  </testcase> <!-- unityworksReportTest -->
  <testcase name="unityworksReportTest" time="0.000" classname="com.unityworks.testcases.AffinitiveTest">
    <skipped/>
  </testcase> <!-- unityworksReportTest -->
  <testcase name="unityworksReportTest" time="0.000" classname="com.unityworks.testcases.AffinitiveTest">
    <skipped/>
  </testcase> <!-- unityworksReportTest -->
  <testcase name="unityworksReportTest" time="0.016" classname="com.unityworks.testcases.AffinitiveTest">
    <skipped/>
  </testcase> <!-- unityworksReportTest -->
  <testcase name="unityworksReportTest" time="0.000" classname="com.unityworks.testcases.AffinitiveTest">
    <skipped/>
  </testcase> <!-- unityworksReportTest -->
  <testcase name="unityworksReportTest" time="0.000" classname="com.unityworks.testcases.AffinitiveTest">
    <skipped/>
  </testcase> <!-- unityworksReportTest -->
  <testcase name="unityworksReportTest" time="0.000" classname="com.unityworks.testcases.AffinitiveTest">
    <skipped/>
  </testcase> <!-- unityworksReportTest -->
  <testcase name="unityworksReportTest" time="0.000" classname="com.unityworks.testcases.AffinitiveTest">
    <skipped/>
  </testcase> <!-- unityworksReportTest -->
  <testcase name="unityworksReportTest" time="0.000" classname="com.unityworks.testcases.AffinitiveTest">
    <skipped/>
  </testcase> <!-- unityworksReportTest -->
  <testcase name="unityworksReportTest" time="0.000" classname="com.unityworks.testcases.AffinitiveTest">
    <skipped/>
  </testcase> <!-- unityworksReportTest -->
  <testcase name="newreports" time="55.480" classname="com.unityworks.testcases.AffinitiveTest"/>
  <testcase name="unityworksReportTest" time="0.000" classname="com.unityworks.testcases.AffinitiveTest">
    <skipped/>
  </testcase> <!-- unityworksReportTest -->
  <testcase name="unityworksReportTest" time="0.000" classname="com.unityworks.testcases.AffinitiveTest">
    <skipped/>
  </testcase> <!-- unityworksReportTest -->
  <testcase name="unityworksReportTest" time="0.000" classname="com.unityworks.testcases.AffinitiveTest">
    <skipped/>
  </testcase> <!-- unityworksReportTest -->
  <testcase name="unityworksReportTest" time="0.000" classname="com.unityworks.testcases.AffinitiveTest">
    <skipped/>
  </testcase> <!-- unityworksReportTest -->
</testsuite> <!-- com.unityworks.testcases.AffinitiveTest -->
