<?xml version="1.0" encoding="UTF-8"?>
<!-- Generated by org.testng.reporters.JUnitReportReporter -->
<testsuite skipped="0" hostname="SEZ10AUTODATA" name="com.unityworks.testcases.TestClass" tests="1" failures="0" timestamp="19 Apr 2018 11:03:36 GMT" time="20.193" errors="0">
  <testcase name="ValidateCampaign" time="20.193" classname="com.unityworks.testcases.TestClass"/>
</testsuite> <!-- com.unityworks.testcases.TestClass -->
