<?xml version="1.0" encoding="UTF-8"?>
<!-- Generated by org.testng.reporters.JUnitReportReporter -->
<testsuite skipped="1" hostname="SEZ10AUTODATA" name="com.unityworks.testcases.CampaignTest" tests="1" failures="0" timestamp="20 Apr 2018 13:40:50 GMT" time="0.000" errors="0">
  <testcase name="ValidateCampaign" time="0.000" classname="com.unityworks.testcases.CampaignTest">
    <skipped/>
  </testcase> <!-- ValidateCampaign -->
</testsuite> <!-- com.unityworks.testcases.CampaignTest -->
