<?xml version="1.0" encoding="UTF-8"?>
<!-- Generated by org.testng.reporters.JUnitReportReporter -->
<testsuite skipped="15" hostname="SEZ-10" name="com.unityworks.testcases.AffinitiveTest" tests="17" failures="0" timestamp="10 Apr 2018 11:21:33 GMT" time="106.394" errors="0">
  <testcase name="unityworksReportTest" time="0.000" classname="com.unityworks.testcases.AffinitiveTest">
    <skipped/>
  </testcase> <!-- unityworksReportTest -->
  <testcase name="unityworksReportTest" time="0.002" classname="com.unityworks.testcases.AffinitiveTest">
    <skipped/>
  </testcase> <!-- unityworksReportTest -->
  <testcase name="unityworksReportTest" time="63.693" classname="com.unityworks.testcases.AffinitiveTest"/>
  <testcase name="unityworksReportTest" time="0.002" classname="com.unityworks.testcases.AffinitiveTest">
    <skipped/>
  </testcase> <!-- unityworksReportTest -->
  <testcase name="unityworksReportTest" time="0.001" classname="com.unityworks.testcases.AffinitiveTest">
    <skipped/>
  </testcase> <!-- unityworksReportTest -->
  <testcase name="newreports" time="42.689" classname="com.unityworks.testcases.AffinitiveTest"/>
  <testcase name="unityworksReportTest" time="0.000" classname="com.unityworks.testcases.AffinitiveTest">
    <skipped/>
  </testcase> <!-- unityworksReportTest -->
  <testcase name="unityworksReportTest" time="0.001" classname="com.unityworks.testcases.AffinitiveTest">
    <skipped/>
  </testcase> <!-- unityworksReportTest -->
  <testcase name="unityworksReportTest" time="0.000" classname="com.unityworks.testcases.AffinitiveTest">
    <skipped/>
  </testcase> <!-- unityworksReportTest -->
  <testcase name="unityworksReportTest" time="0.001" classname="com.unityworks.testcases.AffinitiveTest">
    <skipped/>
  </testcase> <!-- unityworksReportTest -->
  <testcase name="unityworksReportTest" time="0.000" classname="com.unityworks.testcases.AffinitiveTest">
    <skipped/>
  </testcase> <!-- unityworksReportTest -->
  <testcase name="unityworksReportTest" time="0.000" classname="com.unityworks.testcases.AffinitiveTest">
    <skipped/>
  </testcase> <!-- unityworksReportTest -->
  <testcase name="unityworksReportTest" time="0.001" classname="com.unityworks.testcases.AffinitiveTest">
    <skipped/>
  </testcase> <!-- unityworksReportTest -->
  <testcase name="unityworksReportTest" time="0.001" classname="com.unityworks.testcases.AffinitiveTest">
    <skipped/>
  </testcase> <!-- unityworksReportTest -->
  <testcase name="unityworksReportTest" time="0.002" classname="com.unityworks.testcases.AffinitiveTest">
    <skipped/>
  </testcase> <!-- unityworksReportTest -->
  <testcase name="unityworksReportTest" time="0.000" classname="com.unityworks.testcases.AffinitiveTest">
    <skipped/>
  </testcase> <!-- unityworksReportTest -->
  <testcase name="unityworksReportTest" time="0.001" classname="com.unityworks.testcases.AffinitiveTest">
    <skipped/>
  </testcase> <!-- unityworksReportTest -->
</testsuite> <!-- com.unityworks.testcases.AffinitiveTest -->
