<?xml version="1.0" encoding="UTF-8"?>
<!-- Generated by org.testng.reporters.JUnitReportReporter -->
<testsuite skipped="0" hostname="SEZ10AUTODATA" name="com.unityworks.testcases.CampaignTest" tests="1" failures="0" timestamp="23 Apr 2018 05:19:12 GMT" time="30.449" errors="0">
  <testcase name="ValidateCampaign" time="30.449" classname="com.unityworks.testcases.CampaignTest"/>
</testsuite> <!-- com.unityworks.testcases.CampaignTest -->
