<?xml version="1.0" encoding="UTF-8"?>
<!-- Generated by org.testng.reporters.JUnitReportReporter -->
<testsuite skipped="0" hostname="SEZ10AUTODATA" name="com.unityworks.testcases.AffinitiveTest" tests="2" failures="0" timestamp="18 Apr 2018 10:16:16 GMT" time="63.940" errors="0">
  <testcase name="doubleclickreportTest" time="36.604" classname="com.unityworks.testcases.AffinitiveTest"/>
  <testcase name="doubleclickreportTest" time="27.336" classname="com.unityworks.testcases.AffinitiveTest"/>
</testsuite> <!-- com.unityworks.testcases.AffinitiveTest -->
