<?xml version="1.0" encoding="UTF-8"?>
<!-- Generated by org.testng.reporters.JUnitReportReporter -->
<testsuite skipped="1" hostname="SEZ-10" name="com.unityworks.testcases.AffinitiveTest" tests="1" failures="0" timestamp="09 Apr 2018 12:49:28 GMT" time="0.000" errors="0">
  <testcase name="unityworksReportTest" time="0.000" classname="com.unityworks.testcases.AffinitiveTest">
    <skipped/>
  </testcase> <!-- unityworksReportTest -->
</testsuite> <!-- com.unityworks.testcases.AffinitiveTest -->
