<?xml version="1.0" encoding="UTF-8"?>
<!-- Generated by org.testng.reporters.JUnitReportReporter -->
<testsuite skipped="0" hostname="SEZ10AUTODATA" name="com.unityworks.testcases.FileReader" tests="1" failures="0" timestamp="23 Apr 2018 10:40:36 GMT" time="0.185" errors="1">
  <testcase name="Harread" time="0.185" classname="com.unityworks.testcases.FileReader">
    <error type="de.sstoehr.harreader.HarReaderException" message="com.fasterxml.jackson.databind.exc.InvalidFormatException: Can not deserialize value of type de.sstoehr.harreader.model.HttpMethod from String &quot;CONNECT&quot;: value not one of declared Enum instance names: [HEAD, GET, PUT, POST]
 at [Source: F:\SeleniumEasy.har; line: 1, column: 344] (through reference chain: de.sstoehr.harreader.model.Har[&quot;log&quot;]-&gt;de.sstoehr.harreader.model.HarLog[&quot;entries&quot;]-&gt;java.util.ArrayList[0]-&gt;de.sstoehr.harreader.model.HarEntry[&quot;request&quot;]-&gt;de.sstoehr.harreader.model.HarRequest[&quot;method&quot;])">
      <![CDATA[de.sstoehr.harreader.HarReaderException: com.fasterxml.jackson.databind.exc.InvalidFormatException: Can not deserialize value of type de.sstoehr.harreader.model.HttpMethod from String "CONNECT": value not one of declared Enum instance names: [HEAD, GET, PUT, POST]
 at [Source: F:\SeleniumEasy.har; line: 1, column: 344] (through reference chain: de.sstoehr.harreader.model.Har["log"]->de.sstoehr.harreader.model.HarLog["entries"]->java.util.ArrayList[0]->de.sstoehr.harreader.model.HarEntry["request"]->de.sstoehr.harreader.model.HarRequest["method"])
at de.sstoehr.harreader.HarReader.fromFile(HarReader.java:25)
at de.sstoehr.harreader.HarReader.fromFile(HarReader.java:17)
at com.unityworks.testcases.FileReader.Harread(FileReader.java:22)
at sun.reflect.NativeMethodAccessorImpl.invoke0(Native Method)
at sun.reflect.NativeMethodAccessorImpl.invoke(Unknown Source)
at sun.reflect.DelegatingMethodAccessorImpl.invoke(Unknown Source)
at java.lang.reflect.Method.invoke(Unknown Source)
at org.testng.internal.MethodInvocationHelper.invokeMethod(MethodInvocationHelper.java:124)
at org.testng.internal.Invoker.invokeMethod(Invoker.java:580)
at org.testng.internal.Invoker.invokeTestMethod(Invoker.java:716)
at org.testng.internal.Invoker.invokeTestMethods(Invoker.java:988)
at org.testng.internal.TestMethodWorker.invokeTestMethods(TestMethodWorker.java:125)
at org.testng.internal.TestMethodWorker.run(TestMethodWorker.java:109)
at org.testng.TestRunner.privateRun(TestRunner.java:648)
at org.testng.TestRunner.run(TestRunner.java:505)
at org.testng.SuiteRunner.runTest(SuiteRunner.java:455)
at org.testng.SuiteRunner.runSequentially(SuiteRunner.java:450)
at org.testng.SuiteRunner.privateRun(SuiteRunner.java:415)
at org.testng.SuiteRunner.run(SuiteRunner.java:364)
at org.testng.SuiteRunnerWorker.runSuite(SuiteRunnerWorker.java:52)
at org.testng.SuiteRunnerWorker.run(SuiteRunnerWorker.java:84)
at org.testng.TestNG.runSuitesSequentially(TestNG.java:1208)
at org.testng.TestNG.runSuitesLocally(TestNG.java:1137)
at org.testng.TestNG.runSuites(TestNG.java:1049)
at org.testng.TestNG.run(TestNG.java:1017)
at org.testng.remote.AbstractRemoteTestNG.run(AbstractRemoteTestNG.java:114)
at org.testng.remote.RemoteTestNG.initAndRun(RemoteTestNG.java:251)
at org.testng.remote.RemoteTestNG.main(RemoteTestNG.java:77)
Caused by: com.fasterxml.jackson.databind.exc.InvalidFormatException: Can not deserialize value of type de.sstoehr.harreader.model.HttpMethod from String "CONNECT": value not one of declared Enum instance names: [HEAD, GET, PUT, POST]
 at [Source: F:\SeleniumEasy.har; line: 1, column: 344] (through reference chain: de.sstoehr.harreader.model.Har["log"]->de.sstoehr.harreader.model.HarLog["entries"]->java.util.ArrayList[0]->de.sstoehr.harreader.model.HarEntry["request"]->de.sstoehr.harreader.model.HarRequest["method"])
at com.fasterxml.jackson.databind.exc.InvalidFormatException.from(InvalidFormatException.java:74)
at com.fasterxml.jackson.databind.DeserializationContext.weirdStringException(DeserializationContext.java:1410)
at com.fasterxml.jackson.databind.DeserializationContext.handleWeirdStringValue(DeserializationContext.java:926)
at com.fasterxml.jackson.databind.deser.std.EnumDeserializer._deserializeAltString(EnumDeserializer.java:194)
at com.fasterxml.jackson.databind.deser.std.EnumDeserializer.deserialize(EnumDeserializer.java:126)
at com.fasterxml.jackson.databind.deser.SettableBeanProperty.deserialize(SettableBeanProperty.java:499)
at com.fasterxml.jackson.databind.deser.impl.MethodProperty.deserializeAndSet(MethodProperty.java:101)
at com.fasterxml.jackson.databind.deser.BeanDeserializer.vanillaDeserialize(BeanDeserializer.java:276)
at com.fasterxml.jackson.databind.deser.BeanDeserializer.deserialize(BeanDeserializer.java:140)
at com.fasterxml.jackson.databind.deser.SettableBeanProperty.deserialize(SettableBeanProperty.java:499)
at com.fasterxml.jackson.databind.deser.impl.MethodProperty.deserializeAndSet(MethodProperty.java:101)
at com.fasterxml.jackson.databind.deser.BeanDeserializer.vanillaDeserialize(BeanDeserializer.java:276)
at com.fasterxml.jackson.databind.deser.BeanDeserializer.deserialize(BeanDeserializer.java:140)
at com.fasterxml.jackson.databind.deser.std.CollectionDeserializer.deserialize(CollectionDeserializer.java:287)
at com.fasterxml.jackson.databind.deser.std.CollectionDeserializer.deserialize(CollectionDeserializer.java:259)
at com.fasterxml.jackson.databind.deser.std.CollectionDeserializer.deserialize(CollectionDeserializer.java:26)
at com.fasterxml.jackson.databind.deser.SettableBeanProperty.deserialize(SettableBeanProperty.java:499)
at com.fasterxml.jackson.databind.deser.impl.MethodProperty.deserializeAndSet(MethodProperty.java:101)
at com.fasterxml.jackson.databind.deser.BeanDeserializer.vanillaDeserialize(BeanDeserializer.java:276)
at com.fasterxml.jackson.databind.deser.BeanDeserializer.deserialize(BeanDeserializer.java:140)
at com.fasterxml.jackson.databind.deser.SettableBeanProperty.deserialize(SettableBeanProperty.java:499)
at com.fasterxml.jackson.databind.deser.impl.MethodProperty.deserializeAndSet(MethodProperty.java:101)
at com.fasterxml.jackson.databind.deser.BeanDeserializer.vanillaDeserialize(BeanDeserializer.java:276)
at com.fasterxml.jackson.databind.deser.BeanDeserializer.deserialize(BeanDeserializer.java:140)
at com.fasterxml.jackson.databind.ObjectMapper._readMapAndClose(ObjectMapper.java:3798)
at com.fasterxml.jackson.databind.ObjectMapper.readValue(ObjectMapper.java:2740)
at de.sstoehr.harreader.HarReader.fromFile(HarReader.java:23)
... 27 more
]]>
    </error>
  </testcase> <!-- Harread -->
</testsuite> <!-- com.unityworks.testcases.FileReader -->
