<?xml version="1.0" encoding="UTF-8"?>
<!-- Generated by org.testng.reporters.JUnitReportReporter -->
<testsuite hostname="SEZ-10" name="com.unityworks.testcases.ReportTest" tests="1" failures="0" timestamp="4 Apr 2018 07:57:45 GMT" time="104.726" errors="0">
  <testcase name="epsilon_BMWAirBagRecall" time="104.726" classname="com.unityworks.testcases.ReportTest"/>
</testsuite> <!-- com.unityworks.testcases.ReportTest -->
