<?xml version="1.0" encoding="UTF-8"?>
<!-- Generated by org.testng.reporters.JUnitReportReporter -->
<testsuite skipped="57" hostname="SEZ10AUTODATA" name="com.unityworks.testcases.AffinitiveTest" tests="62" failures="0" timestamp="23 Apr 2018 05:19:12 GMT" time="146.280" errors="0">
  <testcase name="verifyPageViewandReportTitle" time="0.000" classname="com.unityworks.testcases.AffinitiveTest">
    <skipped/>
  </testcase> <!-- verifyPageViewandReportTitle -->
  <testcase name="verifyPageViewandReportTitle" time="0.002" classname="com.unityworks.testcases.AffinitiveTest">
    <skipped/>
  </testcase> <!-- verifyPageViewandReportTitle -->
  <testcase name="verifyPageViewandReportTitle" time="0.001" classname="com.unityworks.testcases.AffinitiveTest">
    <skipped/>
  </testcase> <!-- verifyPageViewandReportTitle -->
  <testcase name="verifyPageViewandReportTitle" time="0.001" classname="com.unityworks.testcases.AffinitiveTest">
    <skipped/>
  </testcase> <!-- verifyPageViewandReportTitle -->
  <testcase name="verifyPageViewandReportTitle" time="0.001" classname="com.unityworks.testcases.AffinitiveTest">
    <skipped/>
  </testcase> <!-- verifyPageViewandReportTitle -->
  <testcase name="verifyPageViewandReportTitle" time="0.001" classname="com.unityworks.testcases.AffinitiveTest">
    <skipped/>
  </testcase> <!-- verifyPageViewandReportTitle -->
  <testcase name="verifyPageViewandReportTitle" time="0.000" classname="com.unityworks.testcases.AffinitiveTest">
    <skipped/>
  </testcase> <!-- verifyPageViewandReportTitle -->
  <testcase name="verifyPageViewandReportTitle" time="0.001" classname="com.unityworks.testcases.AffinitiveTest">
    <skipped/>
  </testcase> <!-- verifyPageViewandReportTitle -->
  <testcase name="verifyPageViewandReportTitle" time="0.001" classname="com.unityworks.testcases.AffinitiveTest">
    <skipped/>
  </testcase> <!-- verifyPageViewandReportTitle -->
  <testcase name="verifyPageViewandReportTitle" time="0.000" classname="com.unityworks.testcases.AffinitiveTest">
    <skipped/>
  </testcase> <!-- verifyPageViewandReportTitle -->
  <testcase name="verifyPageViewandReportTitle" time="0.000" classname="com.unityworks.testcases.AffinitiveTest">
    <skipped/>
  </testcase> <!-- verifyPageViewandReportTitle -->
  <testcase name="doubleclickreportTest" time="27.288" classname="com.unityworks.testcases.AffinitiveTest"/>
  <testcase name="verifyPageViewandReportTitle" time="0.000" classname="com.unityworks.testcases.AffinitiveTest">
    <skipped/>
  </testcase> <!-- verifyPageViewandReportTitle -->
  <testcase name="verifyPageViewandReportTitle" time="0.000" classname="com.unityworks.testcases.AffinitiveTest">
    <skipped/>
  </testcase> <!-- verifyPageViewandReportTitle -->
  <testcase name="verifyPageViewandReportTitle" time="0.000" classname="com.unityworks.testcases.AffinitiveTest">
    <skipped/>
  </testcase> <!-- verifyPageViewandReportTitle -->
  <testcase name="verifyPageViewandReportTitle" time="0.000" classname="com.unityworks.testcases.AffinitiveTest">
    <skipped/>
  </testcase> <!-- verifyPageViewandReportTitle -->
  <testcase name="verifyPageViewandReportTitle" time="0.000" classname="com.unityworks.testcases.AffinitiveTest">
    <skipped/>
  </testcase> <!-- verifyPageViewandReportTitle -->
  <testcase name="verifyPageViewandReportTitle" time="0.000" classname="com.unityworks.testcases.AffinitiveTest">
    <skipped/>
  </testcase> <!-- verifyPageViewandReportTitle -->
  <testcase name="verifyPageViewandReportTitle" time="0.001" classname="com.unityworks.testcases.AffinitiveTest">
    <skipped/>
  </testcase> <!-- verifyPageViewandReportTitle -->
  <testcase name="verifyPageViewandReportTitle" time="0.000" classname="com.unityworks.testcases.AffinitiveTest">
    <skipped/>
  </testcase> <!-- verifyPageViewandReportTitle -->
  <testcase name="verifyPageViewandReportTitle" time="0.000" classname="com.unityworks.testcases.AffinitiveTest">
    <skipped/>
  </testcase> <!-- verifyPageViewandReportTitle -->
  <testcase name="verifyPageViewandReportTitle" time="0.001" classname="com.unityworks.testcases.AffinitiveTest">
    <skipped/>
  </testcase> <!-- verifyPageViewandReportTitle -->
  <testcase name="verifyPageViewandReportTitle" time="0.000" classname="com.unityworks.testcases.AffinitiveTest">
    <skipped/>
  </testcase> <!-- verifyPageViewandReportTitle -->
  <testcase name="verifyPageViewandReportTitle" time="0.001" classname="com.unityworks.testcases.AffinitiveTest">
    <skipped/>
  </testcase> <!-- verifyPageViewandReportTitle -->
  <testcase name="verifyPageViewandReportTitle" time="0.001" classname="com.unityworks.testcases.AffinitiveTest">
    <skipped/>
  </testcase> <!-- verifyPageViewandReportTitle -->
  <testcase name="verifyPageViewandReportTitle" time="0.000" classname="com.unityworks.testcases.AffinitiveTest">
    <skipped/>
  </testcase> <!-- verifyPageViewandReportTitle -->
  <testcase name="verifyPageViewandReportTitle" time="0.000" classname="com.unityworks.testcases.AffinitiveTest">
    <skipped/>
  </testcase> <!-- verifyPageViewandReportTitle -->
  <testcase name="verifyPageViewandReportTitle" time="0.001" classname="com.unityworks.testcases.AffinitiveTest">
    <skipped/>
  </testcase> <!-- verifyPageViewandReportTitle -->
  <testcase name="verifyPageViewandReportTitle" time="27.266" classname="com.unityworks.testcases.AffinitiveTest"/>
  <testcase name="verifyPageViewandReportTitle" time="0.001" classname="com.unityworks.testcases.AffinitiveTest">
    <skipped/>
  </testcase> <!-- verifyPageViewandReportTitle -->
  <testcase name="verifyPageViewandReportTitle" time="0.000" classname="com.unityworks.testcases.AffinitiveTest">
    <skipped/>
  </testcase> <!-- verifyPageViewandReportTitle -->
  <testcase name="verifyPageViewandReportTitle" time="0.000" classname="com.unityworks.testcases.AffinitiveTest">
    <skipped/>
  </testcase> <!-- verifyPageViewandReportTitle -->
  <testcase name="verifyPageViewandReportTitle" time="0.001" classname="com.unityworks.testcases.AffinitiveTest">
    <skipped/>
  </testcase> <!-- verifyPageViewandReportTitle -->
  <testcase name="verifyPageViewandReportTitle" time="0.000" classname="com.unityworks.testcases.AffinitiveTest">
    <skipped/>
  </testcase> <!-- verifyPageViewandReportTitle -->
  <testcase name="verifyPageViewandReportTitle" time="0.015" classname="com.unityworks.testcases.AffinitiveTest">
    <skipped/>
  </testcase> <!-- verifyPageViewandReportTitle -->
  <testcase name="verifyPageViewandReportTitle" time="0.000" classname="com.unityworks.testcases.AffinitiveTest">
    <skipped/>
  </testcase> <!-- verifyPageViewandReportTitle -->
  <testcase name="doubleclickreportTest" time="36.103" classname="com.unityworks.testcases.AffinitiveTest"/>
  <testcase name="verifyPageViewandReportTitle" time="0.001" classname="com.unityworks.testcases.AffinitiveTest">
    <skipped/>
  </testcase> <!-- verifyPageViewandReportTitle -->
  <testcase name="verifyPageViewandReportTitle" time="0.000" classname="com.unityworks.testcases.AffinitiveTest">
    <skipped/>
  </testcase> <!-- verifyPageViewandReportTitle -->
  <testcase name="verifyPageViewandReportTitle" time="0.000" classname="com.unityworks.testcases.AffinitiveTest">
    <skipped/>
  </testcase> <!-- verifyPageViewandReportTitle -->
  <testcase name="verifyPageViewandReportTitle" time="0.000" classname="com.unityworks.testcases.AffinitiveTest">
    <skipped/>
  </testcase> <!-- verifyPageViewandReportTitle -->
  <testcase name="verifyPageViewandReportTitle" time="0.000" classname="com.unityworks.testcases.AffinitiveTest">
    <skipped/>
  </testcase> <!-- verifyPageViewandReportTitle -->
  <testcase name="verifyPageViewandReportTitle" time="0.003" classname="com.unityworks.testcases.AffinitiveTest">
    <skipped/>
  </testcase> <!-- verifyPageViewandReportTitle -->
  <testcase name="verifyPageViewandReportTitle" time="0.000" classname="com.unityworks.testcases.AffinitiveTest">
    <skipped/>
  </testcase> <!-- verifyPageViewandReportTitle -->
  <testcase name="verifyPageViewandReportTitle" time="0.000" classname="com.unityworks.testcases.AffinitiveTest">
    <skipped/>
  </testcase> <!-- verifyPageViewandReportTitle -->
  <testcase name="verifyPageViewandReportTitle" time="0.000" classname="com.unityworks.testcases.AffinitiveTest">
    <skipped/>
  </testcase> <!-- verifyPageViewandReportTitle -->
  <testcase name="verifyPageViewandReportTitle" time="0.000" classname="com.unityworks.testcases.AffinitiveTest">
    <skipped/>
  </testcase> <!-- verifyPageViewandReportTitle -->
  <testcase name="verifyPageViewandReportTitle" time="0.001" classname="com.unityworks.testcases.AffinitiveTest">
    <skipped/>
  </testcase> <!-- verifyPageViewandReportTitle -->
  <testcase name="verifyPageViewandReportTitle" time="0.001" classname="com.unityworks.testcases.AffinitiveTest">
    <skipped/>
  </testcase> <!-- verifyPageViewandReportTitle -->
  <testcase name="verifyPageViewandReportTitle" time="0.002" classname="com.unityworks.testcases.AffinitiveTest">
    <skipped/>
  </testcase> <!-- verifyPageViewandReportTitle -->
  <testcase name="verifyPageViewandReportTitle" time="0.001" classname="com.unityworks.testcases.AffinitiveTest">
    <skipped/>
  </testcase> <!-- verifyPageViewandReportTitle -->
  <testcase name="verifyPageViewandReportTitle" time="0.001" classname="com.unityworks.testcases.AffinitiveTest">
    <skipped/>
  </testcase> <!-- verifyPageViewandReportTitle -->
  <testcase name="verifyPageViewandReportTitle" time="27.682" classname="com.unityworks.testcases.AffinitiveTest"/>
  <testcase name="verifyPageViewandReportTitle" time="0.000" classname="com.unityworks.testcases.AffinitiveTest">
    <skipped/>
  </testcase> <!-- verifyPageViewandReportTitle -->
  <testcase name="verifyPageViewandReportTitle" time="0.000" classname="com.unityworks.testcases.AffinitiveTest">
    <skipped/>
  </testcase> <!-- verifyPageViewandReportTitle -->
  <testcase name="verifyPageViewandReportTitle" time="0.000" classname="com.unityworks.testcases.AffinitiveTest">
    <skipped/>
  </testcase> <!-- verifyPageViewandReportTitle -->
  <testcase name="verifyPageViewandReportTitle" time="0.000" classname="com.unityworks.testcases.AffinitiveTest">
    <skipped/>
  </testcase> <!-- verifyPageViewandReportTitle -->
  <testcase name="verifyPageViewandReportTitle" time="0.000" classname="com.unityworks.testcases.AffinitiveTest">
    <skipped/>
  </testcase> <!-- verifyPageViewandReportTitle -->
  <testcase name="verifyPageViewandReportTitle" time="0.001" classname="com.unityworks.testcases.AffinitiveTest">
    <skipped/>
  </testcase> <!-- verifyPageViewandReportTitle -->
  <testcase name="verifyPageViewandReportTitle" time="0.000" classname="com.unityworks.testcases.AffinitiveTest">
    <skipped/>
  </testcase> <!-- verifyPageViewandReportTitle -->
  <testcase name="verifyPageViewandReportTitle" time="0.000" classname="com.unityworks.testcases.AffinitiveTest">
    <skipped/>
  </testcase> <!-- verifyPageViewandReportTitle -->
  <testcase name="verifyPageViewandReportTitle" time="27.900" classname="com.unityworks.testcases.AffinitiveTest"/>
</testsuite> <!-- com.unityworks.testcases.AffinitiveTest -->
