<?xml version="1.0" encoding="UTF-8"?>
<!-- Generated by org.testng.reporters.JUnitReportReporter -->
<testsuite skipped="0" hostname="SEZ10AUTODATA" name="com.unityworks.testcases.Refactor" tests="1" failures="0" timestamp="26 Apr 2018 10:38:02 GMT" time="2.372" errors="0">
  <testcase name="ValidateCampaign" time="2.372" classname="com.unityworks.testcases.Refactor"/>
</testsuite> <!-- com.unityworks.testcases.Refactor -->
