<?xml version="1.0" encoding="UTF-8"?>
<!-- Generated by org.testng.reporters.JUnitReportReporter -->
<testsuite hostname="SEZ-10" name="com.unityworks.testcases.AffinitiveTest" tests="1" failures="0" timestamp="3 Apr 2018 13:19:03 GMT" time="18.022" errors="0">
  <testcase name="affinitive_BMWAffinitiveTire" time="18.022" classname="com.unityworks.testcases.AffinitiveTest"/>
</testsuite> <!-- com.unityworks.testcases.AffinitiveTest -->
