<?xml version="1.0" encoding="UTF-8"?>
<!-- Generated by org.testng.reporters.JUnitReportReporter -->
<testsuite skipped="58" hostname="SEZ10AUTODATA" name="com.unityworks.testcases.AffinitiveTest" tests="62" failures="0" timestamp="27 Apr 2018 12:45:45 GMT" time="116.792" errors="0">
  <testcase name="verifyPageViewandReportTitle" time="0.000" classname="com.unityworks.testcases.AffinitiveTest">
    <skipped/>
  </testcase> <!-- verifyPageViewandReportTitle -->
  <testcase name="verifyPageViewandReportTitle" time="0.000" classname="com.unityworks.testcases.AffinitiveTest">
    <skipped/>
  </testcase> <!-- verifyPageViewandReportTitle -->
  <testcase name="verifyPageViewandReportTitle" time="0.000" classname="com.unityworks.testcases.AffinitiveTest">
    <skipped/>
  </testcase> <!-- verifyPageViewandReportTitle -->
  <testcase name="verifyPageViewandReportTitle" time="0.000" classname="com.unityworks.testcases.AffinitiveTest">
    <skipped/>
  </testcase> <!-- verifyPageViewandReportTitle -->
  <testcase name="verifyPageViewandReportTitle" time="0.000" classname="com.unityworks.testcases.AffinitiveTest">
    <skipped/>
  </testcase> <!-- verifyPageViewandReportTitle -->
  <testcase name="verifyPageViewandReportTitle" time="0.000" classname="com.unityworks.testcases.AffinitiveTest">
    <skipped/>
  </testcase> <!-- verifyPageViewandReportTitle -->
  <testcase name="verifyPageViewandReportTitle" time="0.000" classname="com.unityworks.testcases.AffinitiveTest">
    <skipped/>
  </testcase> <!-- verifyPageViewandReportTitle -->
  <testcase name="verifyPageViewandReportTitle" time="0.000" classname="com.unityworks.testcases.AffinitiveTest">
    <skipped/>
  </testcase> <!-- verifyPageViewandReportTitle -->
  <testcase name="verifyPageViewandReportTitle" time="0.000" classname="com.unityworks.testcases.AffinitiveTest">
    <skipped/>
  </testcase> <!-- verifyPageViewandReportTitle -->
  <testcase name="verifyPageViewandReportTitle" time="0.000" classname="com.unityworks.testcases.AffinitiveTest">
    <skipped/>
  </testcase> <!-- verifyPageViewandReportTitle -->
  <testcase name="verifyPageViewandReportTitle" time="0.001" classname="com.unityworks.testcases.AffinitiveTest">
    <skipped/>
  </testcase> <!-- verifyPageViewandReportTitle -->
  <testcase name="verifyPageViewandReportTitle" time="0.000" classname="com.unityworks.testcases.AffinitiveTest">
    <skipped/>
  </testcase> <!-- verifyPageViewandReportTitle -->
  <testcase name="verifyPageViewandReportTitle" time="0.000" classname="com.unityworks.testcases.AffinitiveTest">
    <skipped/>
  </testcase> <!-- verifyPageViewandReportTitle -->
  <testcase name="verifyPageViewandReportTitle" time="0.000" classname="com.unityworks.testcases.AffinitiveTest">
    <skipped/>
  </testcase> <!-- verifyPageViewandReportTitle -->
  <testcase name="verifyPageViewandReportTitle" time="0.000" classname="com.unityworks.testcases.AffinitiveTest">
    <skipped/>
  </testcase> <!-- verifyPageViewandReportTitle -->
  <testcase name="verifyPageViewandReportTitle" time="0.000" classname="com.unityworks.testcases.AffinitiveTest">
    <skipped/>
  </testcase> <!-- verifyPageViewandReportTitle -->
  <testcase name="verifyPageViewandReportTitle" time="0.000" classname="com.unityworks.testcases.AffinitiveTest">
    <skipped/>
  </testcase> <!-- verifyPageViewandReportTitle -->
  <testcase name="verifyPageViewandReportTitle" time="0.000" classname="com.unityworks.testcases.AffinitiveTest">
    <skipped/>
  </testcase> <!-- verifyPageViewandReportTitle -->
  <testcase name="verifyPageViewandReportTitle" time="0.000" classname="com.unityworks.testcases.AffinitiveTest">
    <skipped/>
  </testcase> <!-- verifyPageViewandReportTitle -->
  <testcase name="verifyPageViewandReportTitle" time="0.000" classname="com.unityworks.testcases.AffinitiveTest">
    <skipped/>
  </testcase> <!-- verifyPageViewandReportTitle -->
  <testcase name="verifyPageViewandReportTitle" time="0.001" classname="com.unityworks.testcases.AffinitiveTest">
    <skipped/>
  </testcase> <!-- verifyPageViewandReportTitle -->
  <testcase name="verifyPageViewandReportTitle" time="26.498" classname="com.unityworks.testcases.AffinitiveTest"/>
  <testcase name="verifyPageViewandReportTitle" time="0.000" classname="com.unityworks.testcases.AffinitiveTest">
    <skipped/>
  </testcase> <!-- verifyPageViewandReportTitle -->
  <testcase name="doubleclickreportTest" time="35.751" classname="com.unityworks.testcases.AffinitiveTest"/>
  <testcase name="verifyPageViewandReportTitle" time="0.000" classname="com.unityworks.testcases.AffinitiveTest">
    <skipped/>
  </testcase> <!-- verifyPageViewandReportTitle -->
  <testcase name="verifyPageViewandReportTitle" time="0.001" classname="com.unityworks.testcases.AffinitiveTest">
    <skipped/>
  </testcase> <!-- verifyPageViewandReportTitle -->
  <testcase name="verifyPageViewandReportTitle" time="0.002" classname="com.unityworks.testcases.AffinitiveTest">
    <skipped/>
  </testcase> <!-- verifyPageViewandReportTitle -->
  <testcase name="verifyPageViewandReportTitle" time="0.000" classname="com.unityworks.testcases.AffinitiveTest">
    <skipped/>
  </testcase> <!-- verifyPageViewandReportTitle -->
  <testcase name="verifyPageViewandReportTitle" time="0.000" classname="com.unityworks.testcases.AffinitiveTest">
    <skipped/>
  </testcase> <!-- verifyPageViewandReportTitle -->
  <testcase name="verifyPageViewandReportTitle" time="0.001" classname="com.unityworks.testcases.AffinitiveTest">
    <skipped/>
  </testcase> <!-- verifyPageViewandReportTitle -->
  <testcase name="verifyPageViewandReportTitle" time="0.000" classname="com.unityworks.testcases.AffinitiveTest">
    <skipped/>
  </testcase> <!-- verifyPageViewandReportTitle -->
  <testcase name="verifyPageViewandReportTitle" time="0.000" classname="com.unityworks.testcases.AffinitiveTest">
    <skipped/>
  </testcase> <!-- verifyPageViewandReportTitle -->
  <testcase name="verifyPageViewandReportTitle" time="0.000" classname="com.unityworks.testcases.AffinitiveTest">
    <skipped/>
  </testcase> <!-- verifyPageViewandReportTitle -->
  <testcase name="verifyPageViewandReportTitle" time="0.000" classname="com.unityworks.testcases.AffinitiveTest">
    <skipped/>
  </testcase> <!-- verifyPageViewandReportTitle -->
  <testcase name="verifyPageViewandReportTitle" time="0.001" classname="com.unityworks.testcases.AffinitiveTest">
    <skipped/>
  </testcase> <!-- verifyPageViewandReportTitle -->
  <testcase name="verifyPageViewandReportTitle" time="0.000" classname="com.unityworks.testcases.AffinitiveTest">
    <skipped/>
  </testcase> <!-- verifyPageViewandReportTitle -->
  <testcase name="verifyPageViewandReportTitle" time="0.000" classname="com.unityworks.testcases.AffinitiveTest">
    <skipped/>
  </testcase> <!-- verifyPageViewandReportTitle -->
  <testcase name="verifyPageViewandReportTitle" time="0.000" classname="com.unityworks.testcases.AffinitiveTest">
    <skipped/>
  </testcase> <!-- verifyPageViewandReportTitle -->
  <testcase name="verifyPageViewandReportTitle" time="27.305" classname="com.unityworks.testcases.AffinitiveTest"/>
  <testcase name="verifyPageViewandReportTitle" time="0.000" classname="com.unityworks.testcases.AffinitiveTest">
    <skipped/>
  </testcase> <!-- verifyPageViewandReportTitle -->
  <testcase name="verifyPageViewandReportTitle" time="0.000" classname="com.unityworks.testcases.AffinitiveTest">
    <skipped/>
  </testcase> <!-- verifyPageViewandReportTitle -->
  <testcase name="verifyPageViewandReportTitle" time="0.000" classname="com.unityworks.testcases.AffinitiveTest">
    <skipped/>
  </testcase> <!-- verifyPageViewandReportTitle -->
  <testcase name="verifyPageViewandReportTitle" time="0.000" classname="com.unityworks.testcases.AffinitiveTest">
    <skipped/>
  </testcase> <!-- verifyPageViewandReportTitle -->
  <testcase name="verifyPageViewandReportTitle" time="0.000" classname="com.unityworks.testcases.AffinitiveTest">
    <skipped/>
  </testcase> <!-- verifyPageViewandReportTitle -->
  <testcase name="verifyPageViewandReportTitle" time="0.000" classname="com.unityworks.testcases.AffinitiveTest">
    <skipped/>
  </testcase> <!-- verifyPageViewandReportTitle -->
  <testcase name="verifyPageViewandReportTitle" time="0.000" classname="com.unityworks.testcases.AffinitiveTest">
    <skipped/>
  </testcase> <!-- verifyPageViewandReportTitle -->
  <testcase name="verifyPageViewandReportTitle" time="0.000" classname="com.unityworks.testcases.AffinitiveTest">
    <skipped/>
  </testcase> <!-- verifyPageViewandReportTitle -->
  <testcase name="verifyPageViewandReportTitle" time="0.000" classname="com.unityworks.testcases.AffinitiveTest">
    <skipped/>
  </testcase> <!-- verifyPageViewandReportTitle -->
  <testcase name="verifyPageViewandReportTitle" time="0.001" classname="com.unityworks.testcases.AffinitiveTest">
    <skipped/>
  </testcase> <!-- verifyPageViewandReportTitle -->
  <testcase name="verifyPageViewandReportTitle" time="0.000" classname="com.unityworks.testcases.AffinitiveTest">
    <skipped/>
  </testcase> <!-- verifyPageViewandReportTitle -->
  <testcase name="verifyPageViewandReportTitle" time="0.000" classname="com.unityworks.testcases.AffinitiveTest">
    <skipped/>
  </testcase> <!-- verifyPageViewandReportTitle -->
  <testcase name="verifyPageViewandReportTitle" time="0.000" classname="com.unityworks.testcases.AffinitiveTest">
    <skipped/>
  </testcase> <!-- verifyPageViewandReportTitle -->
  <testcase name="verifyPageViewandReportTitle" time="0.000" classname="com.unityworks.testcases.AffinitiveTest">
    <skipped/>
  </testcase> <!-- verifyPageViewandReportTitle -->
  <testcase name="verifyPageViewandReportTitle" time="0.000" classname="com.unityworks.testcases.AffinitiveTest">
    <skipped/>
  </testcase> <!-- verifyPageViewandReportTitle -->
  <testcase name="verifyPageViewandReportTitle" time="0.001" classname="com.unityworks.testcases.AffinitiveTest">
    <skipped/>
  </testcase> <!-- verifyPageViewandReportTitle -->
  <testcase name="verifyPageViewandReportTitle" time="0.000" classname="com.unityworks.testcases.AffinitiveTest">
    <skipped/>
  </testcase> <!-- verifyPageViewandReportTitle -->
  <testcase name="verifyPageViewandReportTitle" time="0.000" classname="com.unityworks.testcases.AffinitiveTest">
    <skipped/>
  </testcase> <!-- verifyPageViewandReportTitle -->
  <testcase name="verifyPageViewandReportTitle" time="0.000" classname="com.unityworks.testcases.AffinitiveTest">
    <skipped/>
  </testcase> <!-- verifyPageViewandReportTitle -->
  <testcase name="verifyPageViewandReportTitle" time="0.000" classname="com.unityworks.testcases.AffinitiveTest">
    <skipped/>
  </testcase> <!-- verifyPageViewandReportTitle -->
  <testcase name="verifyPageViewandReportTitle" time="0.000" classname="com.unityworks.testcases.AffinitiveTest">
    <skipped/>
  </testcase> <!-- verifyPageViewandReportTitle -->
  <testcase name="verifyPageViewandReportTitle" time="0.000" classname="com.unityworks.testcases.AffinitiveTest">
    <skipped/>
  </testcase> <!-- verifyPageViewandReportTitle -->
  <testcase name="doubleclickreportTest" time="27.229" classname="com.unityworks.testcases.AffinitiveTest"/>
</testsuite> <!-- com.unityworks.testcases.AffinitiveTest -->
