<?xml version="1.0" encoding="UTF-8"?>
<!-- Generated by org.testng.reporters.JUnitReportReporter -->
<testsuite hostname="SEZ-10" name="com.unityworks.testcases.AffinitiveTest" tests="1" failures="0" timestamp="3 Apr 2018 14:02:38 GMT" time="16.996" errors="0">
  <testcase name="affinitive_BMWAffinitiveTire" time="16.996" classname="com.unityworks.testcases.AffinitiveTest"/>
</testsuite> <!-- com.unityworks.testcases.AffinitiveTest -->
