<?xml version="1.0" encoding="UTF-8"?>
<!-- Generated by org.testng.reporters.JUnitReportReporter -->
<testsuite skipped="0" hostname="SEZ10AUTODATA" name="com.unityworks.testcases.CampaignTest" tests="1" failures="0" timestamp="27 Apr 2018 12:45:45 GMT" time="44.347" errors="0">
  <testcase name="ValidateCampaign" time="44.347" classname="com.unityworks.testcases.CampaignTest"/>
</testsuite> <!-- com.unityworks.testcases.CampaignTest -->
