<?xml version="1.0" encoding="UTF-8"?>
<!-- Generated by org.testng.reporters.JUnitReportReporter -->
<testsuite hostname="SEZ-10" name="com.unityworks.testcases.AffinitiveTest" tests="1" failures="0" timestamp="4 Apr 2018 10:39:36 GMT" time="36.071" errors="0">
  <testcase name="affinitive_BMWAffinitiveTire" time="36.071" classname="com.unityworks.testcases.AffinitiveTest"/>
</testsuite> <!-- com.unityworks.testcases.AffinitiveTest -->
