<?xml version="1.0" encoding="UTF-8"?>
<!-- Generated by org.testng.reporters.JUnitReportReporter -->
<testsuite skipped="18" hostname="SEZ10AUTODATA" name="com.unityworks.testcases.AffinitiveTest" tests="78" failures="0" timestamp="16 Apr 2018 11:22:36 GMT" time="1659.003" errors="0">
  <testcase name="verifyPageViewandReportTitle" time="25.765" classname="com.unityworks.testcases.AffinitiveTest"/>
  <testcase name="unityworksReportTest" time="0.000" classname="com.unityworks.testcases.AffinitiveTest">
    <skipped/>
  </testcase> <!-- unityworksReportTest -->
  <testcase name="verifyPageViewandReportTitle" time="25.341" classname="com.unityworks.testcases.AffinitiveTest"/>
  <testcase name="unityworksReportTest" time="0.001" classname="com.unityworks.testcases.AffinitiveTest">
    <skipped/>
  </testcase> <!-- unityworksReportTest -->
  <testcase name="verifyPageViewandReportTitle" time="25.928" classname="com.unityworks.testcases.AffinitiveTest"/>
  <testcase name="verifyPageViewandReportTitle" time="25.474" classname="com.unityworks.testcases.AffinitiveTest"/>
  <testcase name="verifyPageViewandReportTitle" time="25.506" classname="com.unityworks.testcases.AffinitiveTest"/>
  <testcase name="verifyPageViewandReportTitle" time="26.387" classname="com.unityworks.testcases.AffinitiveTest"/>
  <testcase name="unityworksReportTest" time="0.000" classname="com.unityworks.testcases.AffinitiveTest">
    <skipped/>
  </testcase> <!-- unityworksReportTest -->
  <testcase name="unityworksReportTest" time="0.001" classname="com.unityworks.testcases.AffinitiveTest">
    <skipped/>
  </testcase> <!-- unityworksReportTest -->
  <testcase name="verifyPageViewandReportTitle" time="25.232" classname="com.unityworks.testcases.AffinitiveTest"/>
  <testcase name="unityworksReportTest" time="0.000" classname="com.unityworks.testcases.AffinitiveTest">
    <skipped/>
  </testcase> <!-- unityworksReportTest -->
  <testcase name="verifyPageViewandReportTitle" time="33.433" classname="com.unityworks.testcases.AffinitiveTest"/>
  <testcase name="verifyPageViewandReportTitle" time="27.205" classname="com.unityworks.testcases.AffinitiveTest"/>
  <testcase name="verifyPageViewandReportTitle" time="45.594" classname="com.unityworks.testcases.AffinitiveTest"/>
  <testcase name="unityworksReportTest" time="0.000" classname="com.unityworks.testcases.AffinitiveTest">
    <skipped/>
  </testcase> <!-- unityworksReportTest -->
  <testcase name="verifyPageViewandReportTitle" time="25.481" classname="com.unityworks.testcases.AffinitiveTest"/>
  <testcase name="unityworksReportTest" time="0.000" classname="com.unityworks.testcases.AffinitiveTest">
    <skipped/>
  </testcase> <!-- unityworksReportTest -->
  <testcase name="verifyPageViewandReportTitle" time="26.076" classname="com.unityworks.testcases.AffinitiveTest"/>
  <testcase name="verifyPageViewandReportTitle" time="28.203" classname="com.unityworks.testcases.AffinitiveTest"/>
  <testcase name="verifyPageViewandReportTitle" time="25.548" classname="com.unityworks.testcases.AffinitiveTest"/>
  <testcase name="verifyPageViewandReportTitle" time="32.254" classname="com.unityworks.testcases.AffinitiveTest"/>
  <testcase name="verifyPageViewandReportTitle" time="25.489" classname="com.unityworks.testcases.AffinitiveTest"/>
  <testcase name="verifyPageViewandReportTitle" time="25.661" classname="com.unityworks.testcases.AffinitiveTest"/>
  <testcase name="verifyPageViewandReportTitle" time="25.373" classname="com.unityworks.testcases.AffinitiveTest"/>
  <testcase name="unityworksReportTest" time="0.000" classname="com.unityworks.testcases.AffinitiveTest">
    <skipped/>
  </testcase> <!-- unityworksReportTest -->
  <testcase name="verifyPageViewandReportTitle" time="29.250" classname="com.unityworks.testcases.AffinitiveTest"/>
  <testcase name="unityworksReportTest" time="0.000" classname="com.unityworks.testcases.AffinitiveTest">
    <skipped/>
  </testcase> <!-- unityworksReportTest -->
  <testcase name="verifyPageViewandReportTitle" time="25.310" classname="com.unityworks.testcases.AffinitiveTest"/>
  <testcase name="verifyPageViewandReportTitle" time="25.465" classname="com.unityworks.testcases.AffinitiveTest"/>
  <testcase name="verifyPageViewandReportTitle" time="25.478" classname="com.unityworks.testcases.AffinitiveTest"/>
  <testcase name="verifyPageViewandReportTitle" time="26.629" classname="com.unityworks.testcases.AffinitiveTest"/>
  <testcase name="verifyPageViewandReportTitle" time="25.666" classname="com.unityworks.testcases.AffinitiveTest"/>
  <testcase name="verifyPageViewandReportTitle" time="30.803" classname="com.unityworks.testcases.AffinitiveTest"/>
  <testcase name="verifyPageViewandReportTitle" time="28.376" classname="com.unityworks.testcases.AffinitiveTest"/>
  <testcase name="verifyPageViewandReportTitle" time="25.506" classname="com.unityworks.testcases.AffinitiveTest"/>
  <testcase name="verifyPageViewandReportTitle" time="26.033" classname="com.unityworks.testcases.AffinitiveTest"/>
  <testcase name="unityworksReportTest" time="0.000" classname="com.unityworks.testcases.AffinitiveTest">
    <skipped/>
  </testcase> <!-- unityworksReportTest -->
  <testcase name="unityworksReportTest" time="0.000" classname="com.unityworks.testcases.AffinitiveTest">
    <skipped/>
  </testcase> <!-- unityworksReportTest -->
  <testcase name="verifyPageViewandReportTitle" time="26.260" classname="com.unityworks.testcases.AffinitiveTest"/>
  <testcase name="verifyPageViewandReportTitle" time="25.750" classname="com.unityworks.testcases.AffinitiveTest"/>
  <testcase name="verifyPageViewandReportTitle" time="25.529" classname="com.unityworks.testcases.AffinitiveTest"/>
  <testcase name="unityworksReportTest" time="0.001" classname="com.unityworks.testcases.AffinitiveTest">
    <skipped/>
  </testcase> <!-- unityworksReportTest -->
  <testcase name="verifyPageViewandReportTitle" time="44.506" classname="com.unityworks.testcases.AffinitiveTest"/>
  <testcase name="verifyPageViewandReportTitle" time="26.005" classname="com.unityworks.testcases.AffinitiveTest"/>
  <testcase name="verifyPageViewandReportTitle" time="26.281" classname="com.unityworks.testcases.AffinitiveTest"/>
  <testcase name="verifyPageViewandReportTitle" time="30.974" classname="com.unityworks.testcases.AffinitiveTest"/>
  <testcase name="verifyPageViewandReportTitle" time="25.736" classname="com.unityworks.testcases.AffinitiveTest"/>
  <testcase name="verifyPageViewandReportTitle" time="25.824" classname="com.unityworks.testcases.AffinitiveTest"/>
  <testcase name="verifyPageViewandReportTitle" time="25.603" classname="com.unityworks.testcases.AffinitiveTest"/>
  <testcase name="verifyPageViewandReportTitle" time="25.838" classname="com.unityworks.testcases.AffinitiveTest"/>
  <testcase name="verifyPageViewandReportTitle" time="25.106" classname="com.unityworks.testcases.AffinitiveTest"/>
  <testcase name="unityworksReportTest" time="0.001" classname="com.unityworks.testcases.AffinitiveTest">
    <skipped/>
  </testcase> <!-- unityworksReportTest -->
  <testcase name="unityworksReportTest" time="0.000" classname="com.unityworks.testcases.AffinitiveTest">
    <skipped/>
  </testcase> <!-- unityworksReportTest -->
  <testcase name="verifyPageViewandReportTitle" time="27.637" classname="com.unityworks.testcases.AffinitiveTest"/>
  <testcase name="verifyPageViewandReportTitle" time="34.472" classname="com.unityworks.testcases.AffinitiveTest"/>
  <testcase name="verifyPageViewandReportTitle" time="25.211" classname="com.unityworks.testcases.AffinitiveTest"/>
  <testcase name="verifyPageViewandReportTitle" time="26.847" classname="com.unityworks.testcases.AffinitiveTest"/>
  <testcase name="verifyPageViewandReportTitle" time="25.545" classname="com.unityworks.testcases.AffinitiveTest"/>
  <testcase name="unityworksReportTest" time="0.000" classname="com.unityworks.testcases.AffinitiveTest">
    <skipped/>
  </testcase> <!-- unityworksReportTest -->
  <testcase name="verifyPageViewandReportTitle" time="25.327" classname="com.unityworks.testcases.AffinitiveTest"/>
  <testcase name="verifyPageViewandReportTitle" time="33.378" classname="com.unityworks.testcases.AffinitiveTest"/>
  <testcase name="verifyPageViewandReportTitle" time="26.267" classname="com.unityworks.testcases.AffinitiveTest"/>
  <testcase name="verifyPageViewandReportTitle" time="27.263" classname="com.unityworks.testcases.AffinitiveTest"/>
  <testcase name="unityworksReportTest" time="0.001" classname="com.unityworks.testcases.AffinitiveTest">
    <skipped/>
  </testcase> <!-- unityworksReportTest -->
  <testcase name="verifyPageViewandReportTitle" time="27.789" classname="com.unityworks.testcases.AffinitiveTest"/>
  <testcase name="verifyPageViewandReportTitle" time="35.999" classname="com.unityworks.testcases.AffinitiveTest"/>
  <testcase name="verifyPageViewandReportTitle" time="26.187" classname="com.unityworks.testcases.AffinitiveTest"/>
  <testcase name="verifyPageViewandReportTitle" time="29.196" classname="com.unityworks.testcases.AffinitiveTest"/>
  <testcase name="verifyPageViewandReportTitle" time="25.094" classname="com.unityworks.testcases.AffinitiveTest"/>
  <testcase name="verifyPageViewandReportTitle" time="25.858" classname="com.unityworks.testcases.AffinitiveTest"/>
  <testcase name="verifyPageViewandReportTitle" time="25.461" classname="com.unityworks.testcases.AffinitiveTest"/>
  <testcase name="verifyPageViewandReportTitle" time="33.233" classname="com.unityworks.testcases.AffinitiveTest"/>
  <testcase name="verifyPageViewandReportTitle" time="25.247" classname="com.unityworks.testcases.AffinitiveTest"/>
  <testcase name="verifyPageViewandReportTitle" time="25.772" classname="com.unityworks.testcases.AffinitiveTest"/>
  <testcase name="unityworksReportTest" time="0.000" classname="com.unityworks.testcases.AffinitiveTest">
    <skipped/>
  </testcase> <!-- unityworksReportTest -->
  <testcase name="unityworksReportTest" time="0.000" classname="com.unityworks.testcases.AffinitiveTest">
    <skipped/>
  </testcase> <!-- unityworksReportTest -->
  <testcase name="verifyPageViewandReportTitle" time="25.337" classname="com.unityworks.testcases.AffinitiveTest"/>
</testsuite> <!-- com.unityworks.testcases.AffinitiveTest -->
